This is pdfTeX, Version 3.1415926-1.40.9 (MiKTeX 2.7) (preloaded format=pdflatex 2009.10.23)  17 MAR 2011 11:44
entering extended mode
**C:/DOCUME?1/julienm/LOCALS?1/Temp/RtmprxJp6o/Rd2pdf1e75679/Rd2.tex
(C:/DOCUME~1/julienm/LOCALS~1/Temp/RtmprxJp6o/Rd2pdf1e75679/Rd2.tex
LaTeX2e <2005/12/01>
Babel <v3.8l> and hyphenation patterns for english, dumylang, nohyphenation, ge
rman, ngerman, german-x-2008-06-18, ngerman-x-2008-06-18, french, loaded.

(C:\_RTOOLS\MIKTEX\tex\latex\base\book.cls
Document Class: book 2005/09/16 v1.4f Standard LaTeX document class
(C:\_RTOOLS\MIKTEX\tex\latex\base\bk10.clo
File: bk10.clo 2005/09/16 v1.4f Standard LaTeX file (size option)
)
\c@part=\count79
\c@chapter=\count80
\c@section=\count81
\c@subsection=\count82
\c@subsubsection=\count83
\c@paragraph=\count84
\c@subparagraph=\count85
\c@figure=\count86
\c@table=\count87
\abovecaptionskip=\skip41
\belowcaptionskip=\skip42
\bibindent=\dimen102
)
(C:/PROGRA~1/_SCIENCE/R_PROJ~1/share/texmf/tex/latex\Rd.sty
Package: Rd 

(C:\_RTOOLS\MIKTEX\tex\latex\base\ifthen.sty
Package: ifthen 2001/05/26 v1.1c Standard LaTeX ifthen package (DPC)
)
(C:\_RTOOLS\MIKTEX\tex\latex\tools\longtable.sty
Package: longtable 2004/02/01 v4.11 Multi-page Table package (DPC)
\LTleft=\skip43
\LTright=\skip44
\LTpre=\skip45
\LTpost=\skip46
\LTchunksize=\count88
\LTcapwidth=\dimen103
\LT@head=\box26
\LT@firsthead=\box27
\LT@foot=\box28
\LT@lastfoot=\box29
\LT@cols=\count89
\LT@rows=\count90
\c@LT@tables=\count91
\c@LT@chunks=\count92
\LT@p@ftn=\toks14
)
(C:\_RTOOLS\MIKTEX\tex\latex\tools\bm.sty
Package: bm 2004/02/26 v1.1c Bold Symbol Support (DPC/FMi)
\symboldoperators=\mathgroup4
\symboldletters=\mathgroup5
\symboldsymbols=\mathgroup6
LaTeX Font Info:    Redeclaring math alphabet \mathbf on input line 137.
LaTeX Info: Redefining \bm on input line 203.
)
(C:\_RTOOLS\MIKTEX\tex\latex\base\alltt.sty
Package: alltt 1997/06/16 v2.0g defines alltt environment
)
(C:\_RTOOLS\MIKTEX\tex\latex\tools\verbatim.sty
Package: verbatim 2003/08/22 v1.5q LaTeX2e package for verbatim enhancements
\every@verbatim=\toks15
\verbatim@line=\toks16
\verbatim@in@stream=\read1
)
(C:\_RTOOLS\MIKTEX\tex\latex\ltxmisc\url.sty
\Urlmuskip=\muskip10
Package: url 2006/04/12  ver 3.3  Verb mode for urls, etc.
)
(C:/PROGRA~1/_SCIENCE/R_PROJ~1/share/texmf/tex/latex\upquote.sty
Package: upquote 2003/08/11 v1.1 Covington's upright-quote modification to verb
atim and verb

(C:\_RTOOLS\MIKTEX\tex\latex\base\textcomp.sty
Package: textcomp 2005/09/27 v1.99g Standard LaTeX package
Package textcomp Info: Sub-encoding information:
(textcomp)               5 = only ISO-Adobe without \textcurrency
(textcomp)               4 = 5 + \texteuro
(textcomp)               3 = 4 + \textohm
(textcomp)               2 = 3 + \textestimated + \textcurrency
(textcomp)               1 = TS1 - \textcircled - \t
(textcomp)               0 = TS1 (full)
(textcomp)             Font families with sub-encoding setting implement
(textcomp)             only a restricted character set as indicated.
(textcomp)             Family '?' is the default used for unknown fonts.
(textcomp)             See the documentation for details.
Package textcomp Info: Setting ? sub-encoding to TS1/1 on input line 71.

(C:\_RTOOLS\MIKTEX\tex\latex\base\ts1enc.def
File: ts1enc.def 2001/06/05 v3.0e (jk/car/fm) Standard LaTeX file
)
LaTeX Info: Redefining \oldstylenums on input line 266.
Package textcomp Info: Setting cmr sub-encoding to TS1/0 on input line 281.
Package textcomp Info: Setting cmss sub-encoding to TS1/0 on input line 282.
Package textcomp Info: Setting cmtt sub-encoding to TS1/0 on input line 283.
Package textcomp Info: Setting cmvtt sub-encoding to TS1/0 on input line 284.
Package textcomp Info: Setting cmbr sub-encoding to TS1/0 on input line 285.
Package textcomp Info: Setting cmtl sub-encoding to TS1/0 on input line 286.
Package textcomp Info: Setting ccr sub-encoding to TS1/0 on input line 287.
Package textcomp Info: Setting ptm sub-encoding to TS1/4 on input line 288.
Package textcomp Info: Setting pcr sub-encoding to TS1/4 on input line 289.
Package textcomp Info: Setting phv sub-encoding to TS1/4 on input line 290.
Package textcomp Info: Setting ppl sub-encoding to TS1/3 on input line 291.
Package textcomp Info: Setting pag sub-encoding to TS1/4 on input line 292.
Package textcomp Info: Setting pbk sub-encoding to TS1/4 on input line 293.
Package textcomp Info: Setting pnc sub-encoding to TS1/4 on input line 294.
Package textcomp Info: Setting pzc sub-encoding to TS1/4 on input line 295.
Package textcomp Info: Setting bch sub-encoding to TS1/4 on input line 296.
Package textcomp Info: Setting put sub-encoding to TS1/5 on input line 297.
Package textcomp Info: Setting uag sub-encoding to TS1/5 on input line 298.
Package textcomp Info: Setting ugq sub-encoding to TS1/5 on input line 299.
Package textcomp Info: Setting ul8 sub-encoding to TS1/4 on input line 300.
Package textcomp Info: Setting ul9 sub-encoding to TS1/4 on input line 301.
Package textcomp Info: Setting augie sub-encoding to TS1/5 on input line 302.
Package textcomp Info: Setting dayrom sub-encoding to TS1/3 on input line 303.
Package textcomp Info: Setting dayroms sub-encoding to TS1/3 on input line 304.

Package textcomp Info: Setting pxr sub-encoding to TS1/0 on input line 305.
Package textcomp Info: Setting pxss sub-encoding to TS1/0 on input line 306.
Package textcomp Info: Setting pxtt sub-encoding to TS1/0 on input line 307.
Package textcomp Info: Setting txr sub-encoding to TS1/0 on input line 308.
Package textcomp Info: Setting txss sub-encoding to TS1/0 on input line 309.
Package textcomp Info: Setting txtt sub-encoding to TS1/0 on input line 310.
Package textcomp Info: Setting futs sub-encoding to TS1/4 on input line 311.
Package textcomp Info: Setting futx sub-encoding to TS1/4 on input line 312.
Package textcomp Info: Setting futj sub-encoding to TS1/4 on input line 313.
Package textcomp Info: Setting hlh sub-encoding to TS1/3 on input line 314.
Package textcomp Info: Setting hls sub-encoding to TS1/3 on input line 315.
Package textcomp Info: Setting hlst sub-encoding to TS1/3 on input line 316.
Package textcomp Info: Setting hlct sub-encoding to TS1/5 on input line 317.
Package textcomp Info: Setting hlx sub-encoding to TS1/5 on input line 318.
Package textcomp Info: Setting hlce sub-encoding to TS1/5 on input line 319.
Package textcomp Info: Setting hlcn sub-encoding to TS1/5 on input line 320.
Package textcomp Info: Setting hlcw sub-encoding to TS1/5 on input line 321.
Package textcomp Info: Setting hlcf sub-encoding to TS1/5 on input line 322.
Package textcomp Info: Setting pplx sub-encoding to TS1/3 on input line 323.
Package textcomp Info: Setting pplj sub-encoding to TS1/3 on input line 324.
Package textcomp Info: Setting ptmx sub-encoding to TS1/4 on input line 325.
Package textcomp Info: Setting ptmj sub-encoding to TS1/4 on input line 326.
))
\ldescriptionwidth=\skip47
 NOT loading ae
(C:\_RTOOLS\MIKTEX\tex\latex\base\fontenc.sty
Package: fontenc 2005/09/27 v1.99g Standard LaTeX package

(C:\_RTOOLS\MIKTEX\tex\latex\base\t1enc.def
File: t1enc.def 2005/09/27 v1.99g Standard LaTeX file
LaTeX Font Info:    Redeclaring font encoding T1 on input line 43.
))
(C:\_RTOOLS\MIKTEX\tex\latex\psnfss\times.sty
Package: times 2005/04/12 PSNFSS-v9.2a (SPQR) 
) NOT loading lmodern
(C:\_RTOOLS\MIKTEX\tex\latex\graphics\color.sty
Package: color 2005/11/14 v1.0j Standard LaTeX Color (DPC)

(C:\_RTOOLS\MIKTEX\tex\latex\00miktex\color.cfg
File: color.cfg 2007/01/18 v1.5 color configuration of teTeX/TeXLive
)
Package color Info: Driver file: pdftex.def on input line 130.

(C:\_RTOOLS\MIKTEX\tex\latex\pdftex-def\pdftex.def
File: pdftex.def 2008/09/08 v0.04l Graphics/color for pdfTeX
\Gread@gobject=\count93
))
(C:\_RTOOLS\MIKTEX\tex\latex\hyperref\hyperref.sty
Package: hyperref 2008/11/18 v6.78m Hypertext links for LaTeX

(C:\_RTOOLS\MIKTEX\tex\latex\graphics\keyval.sty
Package: keyval 1999/03/16 v1.13 key=value parser (DPC)
\KV@toks@=\toks17
)
(C:\_RTOOLS\MIKTEX\tex\generic\oberdiek\ifpdf.sty
Package: ifpdf 2007/12/12 v1.6 Provides the ifpdf switch (HO)
Package ifpdf Info: pdfTeX in pdf mode detected.
)
(C:\_RTOOLS\MIKTEX\tex\generic\oberdiek\ifvtex.sty
Package: ifvtex 2008/11/04 v1.4 Switches for detecting VTeX and its modes (HO)
Package ifvtex Info: VTeX not detected.
)
(C:\_RTOOLS\MIKTEX\tex\generic\ifxetex\ifxetex.sty
Package: ifxetex 2008/09/18 v0.4 Provides ifxetex conditional
)
(C:\_RTOOLS\MIKTEX\tex\latex\oberdiek\hycolor.sty
Package: hycolor 2008/09/08 v1.4 Code for color options of hyperref/bookmark (H
O)

(C:\_RTOOLS\MIKTEX\tex\latex\oberdiek\xcolor-patch.sty
Package: xcolor-patch 2008/09/08 xcolor patch
))
\@linkdim=\dimen104
\Hy@linkcounter=\count94
\Hy@pagecounter=\count95

(C:\_RTOOLS\MIKTEX\tex\latex\hyperref\pd1enc.def
File: pd1enc.def 2008/11/18 v6.78m Hyperref: PDFDocEncoding definition (HO)
)
(C:\_RTOOLS\MIKTEX\tex\generic\oberdiek\etexcmds.sty
Package: etexcmds 2007/12/12 v1.2 Prefix for e-TeX command names (HO)

(C:\_RTOOLS\MIKTEX\tex\generic\oberdiek\infwarerr.sty
Package: infwarerr 2007/09/09 v1.2 Providing info/warning/message (HO)
)
Package etexcmds Info: Could not find \expanded.
(etexcmds)             That can mean that you are not using pdfTeX 1.50 or
(etexcmds)             that some package has redefined \expanded.
(etexcmds)             In the latter case, load this package earlier.
)
(C:\_RTOOLS\MIKTEX\tex\latex\00miktex\hyperref.cfg
File: hyperref.cfg 2002/06/06 v1.2 hyperref configuration of TeXLive
)
(C:\_RTOOLS\MIKTEX\tex\latex\oberdiek\kvoptions.sty
Package: kvoptions 2007/10/18 v3.0 Keyval support for LaTeX options (HO)
)
Package hyperref Info: Hyper figures OFF on input line 2907.
Package hyperref Info: Link nesting OFF on input line 2912.
Package hyperref Info: Hyper index ON on input line 2915.
Package hyperref Info: Plain pages OFF on input line 2922.
Package hyperref Info: Backreferencing OFF on input line 2927.

Implicit mode ON; LaTeX internals redefined
Package hyperref Info: Bookmarks ON on input line 3117.
LaTeX Info: Redefining \href on input line 3332.
LaTeX Info: Redefining \url on input line 3351.
(C:\_RTOOLS\MIKTEX\tex\generic\oberdiek\bitset.sty
Package: bitset 2007/09/28 v1.0 Data type bit set (HO)

(C:\_RTOOLS\MIKTEX\tex\generic\oberdiek\intcalc.sty
Package: intcalc 2007/09/27 v1.1 Expandable integer calculations (HO)
)
(C:\_RTOOLS\MIKTEX\tex\generic\oberdiek\bigintcalc.sty
Package: bigintcalc 2007/11/11 v1.1 Expandable big integer calculations (HO)

(C:\_RTOOLS\MIKTEX\tex\generic\oberdiek\pdftexcmds.sty
Package: pdftexcmds 2007/12/12 v0.3 LuaTeX support for pdfTeX utility functions
 (HO)
Package pdftexcmds Info: LuaTeX not detected on input line 139.
)))
(C:\_RTOOLS\MIKTEX\tex\generic\oberdiek\kvsetkeys.sty
Package: kvsetkeys 2007/09/29 v1.3 Key value parser with default handler suppor
t (HO)
)
\Fld@menulength=\count96
\Field@Width=\dimen105
\Fld@charsize=\dimen106
\Field@toks=\toks18
Package hyperref Info: Hyper figures OFF on input line 4268.
Package hyperref Info: Link nesting OFF on input line 4273.
Package hyperref Info: Hyper index ON on input line 4276.
Package hyperref Info: backreferencing OFF on input line 4283.
Package hyperref Info: Link coloring OFF on input line 4288.
Package hyperref Info: Link coloring with OCG OFF on input line 4293.
Package hyperref Info: PDF/A mode OFF on input line 4298.

(C:\_RTOOLS\MIKTEX\tex\generic\oberdiek\atbegshi.sty
Package: atbegshi 2008/07/31 v1.9 At begin shipout hook (HO)
)
\Hy@abspage=\count97
\c@Item=\count98
\c@Hfootnote=\count99
)
*hyperref using default driver hpdftex*
(C:\_RTOOLS\MIKTEX\tex\latex\hyperref\hpdftex.def
File: hpdftex.def 2008/11/18 v6.78m Hyperref driver for pdfTeX
\Fld@listcount=\count100
)

Package hyperref Warning: Option `hyperindex' has already been used,
(hyperref)                setting the option has no effect on input line 332.

Package hyperref Info: Option `colorlinks' set `true' on input line 332.

Package hyperref Warning: Option `pagebackref' has already been used,
(hyperref)                setting the option has no effect on input line 332.

Package hyperref Info: Option `linktocpage' set `true' on input line 332.
Package hyperref Info: Option `plainpages' set `false' on input line 332.
) (C:\_RTOOLS\MIKTEX\tex\latex\base\makeidx.sty
Package: makeidx 2000/03/29 v1.0m Standard LaTeX package
)
(C:\_RTOOLS\MIKTEX\tex\latex\base\inputenc.sty
Package: inputenc 2006/05/05 v1.1b Input encoding file
\inpenc@prehook=\toks19
\inpenc@posthook=\toks20

(C:\_RTOOLS\MIKTEX\tex\latex\base\utf8.def
File: utf8.def 2006/03/30 v1.1i UTF-8 support for inputenc
Now handling font encoding OML ...
... no UTF-8 mapping file for font encoding OML
Now handling font encoding T1 ...
... processing UTF-8 mapping file for font encodingT1

(C:\_RTOOLS\MIKTEX\tex\latex\base\t1enc.dfu
File: t1enc.dfu 2006/03/30 v1.1i UTF-8 support for inputenc
   defining Unicode char U+00A1 (decimal 161)
   defining Unicode char U+00A3 (decimal 163)
   defining Unicode char U+00AB (decimal 171)
   defining Unicode char U+00BB (decimal 187)
   defining Unicode char U+00BF (decimal 191)
   defining Unicode char U+00C0 (decimal 192)
   defining Unicode char U+00C1 (decimal 193)
   defining Unicode char U+00C2 (decimal 194)
   defining Unicode char U+00C3 (decimal 195)
   defining Unicode char U+00C4 (decimal 196)
   defining Unicode char U+00C5 (decimal 197)
   defining Unicode char U+00C6 (decimal 198)
   defining Unicode char U+00C7 (decimal 199)
   defining Unicode char U+00C8 (decimal 200)
   defining Unicode char U+00C9 (decimal 201)
   defining Unicode char U+00CA (decimal 202)
   defining Unicode char U+00CB (decimal 203)
   defining Unicode char U+00CC (decimal 204)
   defining Unicode char U+00CD (decimal 205)
   defining Unicode char U+00CE (decimal 206)
   defining Unicode char U+00CF (decimal 207)
   defining Unicode char U+00D0 (decimal 208)
   defining Unicode char U+00D1 (decimal 209)
   defining Unicode char U+00D2 (decimal 210)
   defining Unicode char U+00D3 (decimal 211)
   defining Unicode char U+00D4 (decimal 212)
   defining Unicode char U+00D5 (decimal 213)
   defining Unicode char U+00D6 (decimal 214)
   defining Unicode char U+00D8 (decimal 216)
   defining Unicode char U+00D9 (decimal 217)
   defining Unicode char U+00DA (decimal 218)
   defining Unicode char U+00DB (decimal 219)
   defining Unicode char U+00DC (decimal 220)
   defining Unicode char U+00DD (decimal 221)
   defining Unicode char U+00DE (decimal 222)
   defining Unicode char U+00DF (decimal 223)
   defining Unicode char U+00E0 (decimal 224)
   defining Unicode char U+00E1 (decimal 225)
   defining Unicode char U+00E2 (decimal 226)
   defining Unicode char U+00E3 (decimal 227)
   defining Unicode char U+00E4 (decimal 228)
   defining Unicode char U+00E5 (decimal 229)
   defining Unicode char U+00E6 (decimal 230)
   defining Unicode char U+00E7 (decimal 231)
   defining Unicode char U+00E8 (decimal 232)
   defining Unicode char U+00E9 (decimal 233)
   defining Unicode char U+00EA (decimal 234)
   defining Unicode char U+00EB (decimal 235)
   defining Unicode char U+00EC (decimal 236)
   defining Unicode char U+00ED (decimal 237)
   defining Unicode char U+00EE (decimal 238)
   defining Unicode char U+00EF (decimal 239)
   defining Unicode char U+00F0 (decimal 240)
   defining Unicode char U+00F1 (decimal 241)
   defining Unicode char U+00F2 (decimal 242)
   defining Unicode char U+00F3 (decimal 243)
   defining Unicode char U+00F4 (decimal 244)
   defining Unicode char U+00F5 (decimal 245)
   defining Unicode char U+00F6 (decimal 246)
   defining Unicode char U+00F8 (decimal 248)
   defining Unicode char U+00F9 (decimal 249)
   defining Unicode char U+00FA (decimal 250)
   defining Unicode char U+00FB (decimal 251)
   defining Unicode char U+00FC (decimal 252)
   defining Unicode char U+00FD (decimal 253)
   defining Unicode char U+00FE (decimal 254)
   defining Unicode char U+00FF (decimal 255)
   defining Unicode char U+0102 (decimal 258)
   defining Unicode char U+0103 (decimal 259)
   defining Unicode char U+0104 (decimal 260)
   defining Unicode char U+0105 (decimal 261)
   defining Unicode char U+0106 (decimal 262)
   defining Unicode char U+0107 (decimal 263)
   defining Unicode char U+010C (decimal 268)
   defining Unicode char U+010D (decimal 269)
   defining Unicode char U+010E (decimal 270)
   defining Unicode char U+010F (decimal 271)
   defining Unicode char U+0110 (decimal 272)
   defining Unicode char U+0111 (decimal 273)
   defining Unicode char U+0118 (decimal 280)
   defining Unicode char U+0119 (decimal 281)
   defining Unicode char U+011A (decimal 282)
   defining Unicode char U+011B (decimal 283)
   defining Unicode char U+011E (decimal 286)
   defining Unicode char U+011F (decimal 287)
   defining Unicode char U+0130 (decimal 304)
   defining Unicode char U+0131 (decimal 305)
   defining Unicode char U+0132 (decimal 306)
   defining Unicode char U+0133 (decimal 307)
   defining Unicode char U+0139 (decimal 313)
   defining Unicode char U+013A (decimal 314)
   defining Unicode char U+013D (decimal 317)
   defining Unicode char U+013E (decimal 318)
   defining Unicode char U+0141 (decimal 321)
   defining Unicode char U+0142 (decimal 322)
   defining Unicode char U+0143 (decimal 323)
   defining Unicode char U+0144 (decimal 324)
   defining Unicode char U+0147 (decimal 327)
   defining Unicode char U+0148 (decimal 328)
   defining Unicode char U+014A (decimal 330)
   defining Unicode char U+014B (decimal 331)
   defining Unicode char U+0150 (decimal 336)
   defining Unicode char U+0151 (decimal 337)
   defining Unicode char U+0152 (decimal 338)
   defining Unicode char U+0153 (decimal 339)
   defining Unicode char U+0154 (decimal 340)
   defining Unicode char U+0155 (decimal 341)
   defining Unicode char U+0158 (decimal 344)
   defining Unicode char U+0159 (decimal 345)
   defining Unicode char U+015A (decimal 346)
   defining Unicode char U+015B (decimal 347)
   defining Unicode char U+015E (decimal 350)
   defining Unicode char U+015F (decimal 351)
   defining Unicode char U+0160 (decimal 352)
   defining Unicode char U+0161 (decimal 353)
   defining Unicode char U+0162 (decimal 354)
   defining Unicode char U+0163 (decimal 355)
   defining Unicode char U+0164 (decimal 356)
   defining Unicode char U+0165 (decimal 357)
   defining Unicode char U+016E (decimal 366)
   defining Unicode char U+016F (decimal 367)
   defining Unicode char U+0170 (decimal 368)
   defining Unicode char U+0171 (decimal 369)
   defining Unicode char U+0178 (decimal 376)
   defining Unicode char U+0179 (decimal 377)
   defining Unicode char U+017A (decimal 378)
   defining Unicode char U+017B (decimal 379)
   defining Unicode char U+017C (decimal 380)
   defining Unicode char U+017D (decimal 381)
   defining Unicode char U+017E (decimal 382)
   defining Unicode char U+200C (decimal 8204)
   defining Unicode char U+2013 (decimal 8211)
   defining Unicode char U+2014 (decimal 8212)
   defining Unicode char U+2018 (decimal 8216)
   defining Unicode char U+2019 (decimal 8217)
   defining Unicode char U+201A (decimal 8218)
   defining Unicode char U+201C (decimal 8220)
   defining Unicode char U+201D (decimal 8221)
   defining Unicode char U+201E (decimal 8222)
   defining Unicode char U+2030 (decimal 8240)
   defining Unicode char U+2031 (decimal 8241)
   defining Unicode char U+2039 (decimal 8249)
   defining Unicode char U+203A (decimal 8250)
   defining Unicode char U+2423 (decimal 9251)
)
Now handling font encoding OT1 ...
... processing UTF-8 mapping file for font encodingOT1

(C:\_RTOOLS\MIKTEX\tex\latex\base\ot1enc.dfu
File: ot1enc.dfu 2006/03/30 v1.1i UTF-8 support for inputenc
   defining Unicode char U+00A1 (decimal 161)
   defining Unicode char U+00A3 (decimal 163)
   defining Unicode char U+00B8 (decimal 184)
   defining Unicode char U+00BF (decimal 191)
   defining Unicode char U+00C5 (decimal 197)
   defining Unicode char U+00C6 (decimal 198)
   defining Unicode char U+00D8 (decimal 216)
   defining Unicode char U+00DF (decimal 223)
   defining Unicode char U+00E6 (decimal 230)
   defining Unicode char U+00EC (decimal 236)
   defining Unicode char U+00ED (decimal 237)
   defining Unicode char U+00EE (decimal 238)
   defining Unicode char U+00EF (decimal 239)
   defining Unicode char U+00F8 (decimal 248)
   defining Unicode char U+0131 (decimal 305)
   defining Unicode char U+0141 (decimal 321)
   defining Unicode char U+0142 (decimal 322)
   defining Unicode char U+0152 (decimal 338)
   defining Unicode char U+0153 (decimal 339)
   defining Unicode char U+2013 (decimal 8211)
   defining Unicode char U+2014 (decimal 8212)
   defining Unicode char U+2018 (decimal 8216)
   defining Unicode char U+2019 (decimal 8217)
   defining Unicode char U+201C (decimal 8220)
   defining Unicode char U+201D (decimal 8221)
)
Now handling font encoding OMS ...
... processing UTF-8 mapping file for font encodingOMS

(C:\_RTOOLS\MIKTEX\tex\latex\base\omsenc.dfu
File: omsenc.dfu 2006/03/30 v1.1i UTF-8 support for inputenc
   defining Unicode char U+00A7 (decimal 167)
   defining Unicode char U+00B6 (decimal 182)
   defining Unicode char U+00B7 (decimal 183)
   defining Unicode char U+2020 (decimal 8224)
   defining Unicode char U+2021 (decimal 8225)
   defining Unicode char U+2022 (decimal 8226)
)
Now handling font encoding OMX ...
... no UTF-8 mapping file for font encoding OMX
Now handling font encoding U ...
... no UTF-8 mapping file for font encoding U
Now handling font encoding TS1 ...
... processing UTF-8 mapping file for font encodingTS1

(C:\_RTOOLS\MIKTEX\tex\latex\base\ts1enc.dfu
File: ts1enc.dfu 2006/03/30 v1.1i UTF-8 support for inputenc
   defining Unicode char U+00A2 (decimal 162)
   defining Unicode char U+00A3 (decimal 163)
   defining Unicode char U+00A4 (decimal 164)
   defining Unicode char U+00A5 (decimal 165)
   defining Unicode char U+00A6 (decimal 166)
   defining Unicode char U+00A7 (decimal 167)
   defining Unicode char U+00A8 (decimal 168)
   defining Unicode char U+00A9 (decimal 169)
   defining Unicode char U+00AA (decimal 170)
   defining Unicode char U+00AC (decimal 172)
   defining Unicode char U+00AE (decimal 174)
   defining Unicode char U+00AF (decimal 175)
   defining Unicode char U+00B0 (decimal 176)
   defining Unicode char U+00B1 (decimal 177)
   defining Unicode char U+00B2 (decimal 178)
   defining Unicode char U+00B3 (decimal 179)
   defining Unicode char U+00B4 (decimal 180)
   defining Unicode char U+00B5 (decimal 181)
   defining Unicode char U+00B6 (decimal 182)
   defining Unicode char U+00B7 (decimal 183)
   defining Unicode char U+00B9 (decimal 185)
   defining Unicode char U+00BA (decimal 186)
   defining Unicode char U+00BC (decimal 188)
   defining Unicode char U+00BD (decimal 189)
   defining Unicode char U+00BE (decimal 190)
   defining Unicode char U+00D7 (decimal 215)
   defining Unicode char U+00F7 (decimal 247)
   defining Unicode char U+0192 (decimal 402)
   defining Unicode char U+02C7 (decimal 711)
   defining Unicode char U+02D8 (decimal 728)
   defining Unicode char U+02DD (decimal 733)
   defining Unicode char U+0E3F (decimal 3647)
   defining Unicode char U+2016 (decimal 8214)
   defining Unicode char U+2020 (decimal 8224)
   defining Unicode char U+2021 (decimal 8225)
   defining Unicode char U+2022 (decimal 8226)
   defining Unicode char U+2030 (decimal 8240)
   defining Unicode char U+2031 (decimal 8241)
   defining Unicode char U+203B (decimal 8251)
   defining Unicode char U+203D (decimal 8253)
   defining Unicode char U+2044 (decimal 8260)
   defining Unicode char U+204E (decimal 8270)
   defining Unicode char U+2052 (decimal 8274)
   defining Unicode char U+20A1 (decimal 8353)
   defining Unicode char U+20A4 (decimal 8356)
   defining Unicode char U+20A6 (decimal 8358)
   defining Unicode char U+20A9 (decimal 8361)
   defining Unicode char U+20AB (decimal 8363)
   defining Unicode char U+20AC (decimal 8364)
   defining Unicode char U+20B1 (decimal 8369)
   defining Unicode char U+2103 (decimal 8451)
   defining Unicode char U+2116 (decimal 8470)
   defining Unicode char U+2117 (decimal 8471)
   defining Unicode char U+211E (decimal 8478)
   defining Unicode char U+2120 (decimal 8480)
   defining Unicode char U+2122 (decimal 8482)
   defining Unicode char U+2126 (decimal 8486)
   defining Unicode char U+2127 (decimal 8487)
   defining Unicode char U+212E (decimal 8494)
   defining Unicode char U+2190 (decimal 8592)
   defining Unicode char U+2191 (decimal 8593)
   defining Unicode char U+2192 (decimal 8594)
   defining Unicode char U+2193 (decimal 8595)
   defining Unicode char U+2329 (decimal 9001)
   defining Unicode char U+232A (decimal 9002)
   defining Unicode char U+2422 (decimal 9250)
   defining Unicode char U+25E6 (decimal 9702)
   defining Unicode char U+25EF (decimal 9711)
   defining Unicode char U+266A (decimal 9834)
)
Now handling font encoding PD1 ...
... no UTF-8 mapping file for font encoding PD1
   defining Unicode char U+00A9 (decimal 169)
   defining Unicode char U+00AA (decimal 170)
   defining Unicode char U+00AE (decimal 174)
   defining Unicode char U+00BA (decimal 186)
   defining Unicode char U+02C6 (decimal 710)
   defining Unicode char U+02DC (decimal 732)
   defining Unicode char U+200C (decimal 8204)
   defining Unicode char U+2026 (decimal 8230)
   defining Unicode char U+2122 (decimal 8482)
   defining Unicode char U+2423 (decimal 9251)
)
(C:\_RTOOLS\MIKTEX\tex\latex\base\latin1.def
File: latin1.def 2006/05/05 v1.1b Input encoding file
))
\@indexfile=\write3

Writing index file Rd2.idx
(Rd2.aux)
LaTeX Font Info:    Checking defaults for OML/cmm/m/it on input line 7.
LaTeX Font Info:    ... okay on input line 7.
LaTeX Font Info:    Checking defaults for T1/cmr/m/n on input line 7.
LaTeX Font Info:    ... okay on input line 7.
LaTeX Font Info:    Checking defaults for OT1/cmr/m/n on input line 7.
LaTeX Font Info:    ... okay on input line 7.
LaTeX Font Info:    Checking defaults for OMS/cmsy/m/n on input line 7.
LaTeX Font Info:    ... okay on input line 7.
LaTeX Font Info:    Checking defaults for OMX/cmex/m/n on input line 7.
LaTeX Font Info:    ... okay on input line 7.
LaTeX Font Info:    Checking defaults for U/cmr/m/n on input line 7.
LaTeX Font Info:    ... okay on input line 7.
LaTeX Font Info:    Checking defaults for TS1/cmr/m/n on input line 7.
LaTeX Font Info:    Try loading font information for TS1+cmr on input line 7.
 (C:\_RTOOLS\MIKTEX\tex\latex\base\ts1cmr.fd
File: ts1cmr.fd 1999/05/25 v2.5h Standard LaTeX font definitions
)
LaTeX Font Info:    ... okay on input line 7.
LaTeX Font Info:    Checking defaults for PD1/pdf/m/n on input line 7.
LaTeX Font Info:    ... okay on input line 7.
LaTeX Font Info:    Try loading font information for T1+ptm on input line 7.

(C:\_RTOOLS\MIKTEX\tex\latex\psnfss\t1ptm.fd
File: t1ptm.fd 2001/06/04 font definitions for T1/ptm.
)
(C:\_RTOOLS\MIKTEX\tex\context\base\supp-pdf.tex
[Loading MPS to PDF converter (version 2006.09.02).]
\scratchcounter=\count101
\scratchdimen=\dimen107
\scratchbox=\box30
\nofMPsegments=\count102
\nofMParguments=\count103
\everyMPshowfont=\toks21
\MPscratchCnt=\count104
\MPscratchDim=\dimen108
\MPnumerator=\count105
\everyMPtoPDFconversion=\toks22
)
Package hyperref Info: Link coloring ON on input line 7.
 (C:\_RTOOLS\MIKTEX\tex\latex\hyperref\nameref.sty
Package: nameref 2007/05/29 v2.31 Cross-referencing by name of section

(C:\_RTOOLS\MIKTEX\tex\latex\oberdiek\refcount.sty
Package: refcount 2008/08/11 v3.1 Data extraction from references (HO)
)
\c@section@level=\count106
)
LaTeX Info: Redefining \ref on input line 7.
LaTeX Info: Redefining \pageref on input line 7.
 (Rd2.out) (Rd2.out)
\@outlinefile=\write4
\AtBeginShipoutBox=\box31
LaTeX Font Info:    Font shape `T1/ptm/bx/n' in size <24.88> not available
(Font)              Font shape `T1/ptm/b/n' tried instead on input line 8.
LaTeX Font Info:    Font shape `T1/ptm/bx/n' in size <10> not available
(Font)              Font shape `T1/ptm/b/n' tried instead on input line 10.
LaTeX Font Info:    Font shape `T1/ptm/bx/n' in size <20.74> not available
(Font)              Font shape `T1/ptm/b/n' tried instead on input line 10.
LaTeX Font Info:    Try loading font information for T1+pcr on input line 19.

(C:\_RTOOLS\MIKTEX\tex\latex\psnfss\t1pcr.fd
File: t1pcr.fd 2001/06/04 font definitions for T1/pcr.
)
LaTeX Font Info:    Try loading font information for TS1+ptm on input line 39.

(C:\_RTOOLS\MIKTEX\tex\latex\psnfss\ts1ptm.fd
File: ts1ptm.fd 2001/06/04 font definitions for TS1/ptm.
)
LaTeX Font Info:    External font `cmex10' loaded for size
(Font)              <7> on input line 41.
LaTeX Font Info:    External font `cmex10' loaded for size
(Font)              <5> on input line 41.
LaTeX Font Info:    Font shape `T1/ptm/bx/n' in size <14.4> not available
(Font)              Font shape `T1/ptm/b/n' tried instead on input line 43.
LaTeX Font Info:    Try loading font information for T1+phv on input line 43.

(C:\_RTOOLS\MIKTEX\tex\latex\psnfss\t1phv.fd
File: t1phv.fd 2001/06/04 scalable font definitions for T1/phv.
) (Rd2.toc [1


{C:/Documents and Settings/All Users/Application Data/MiKTeX/2.7/pdftex/config/
pdftex.map}] [2])
\tf@toc=\write5

(C:\_RTOOLS\MIKTEX\tex\latex\base\utf8.def
File: utf8.def 2006/03/30 v1.1i UTF-8 support for inputenc
)
Overfull \hbox (12.23935pt too wide) in alignment at lines 74--74
 [] [] 
 []

(C:\_RTOOLS\MIKTEX\tex\latex\base\utf8.def
File: utf8.def 2006/03/30 v1.1i UTF-8 support for inputenc
)
Overfull \hbox (78.78088pt too wide) in paragraph at lines 90--90
 []\T1/pcr/m/n/10 TT.add(..., par.list = "TT.par", bkp.par.list = "TT.par.bkp",
 par.env = TT.env)[] 
 []

[3] (C:\_RTOOLS\MIKTEX\tex\latex\base\utf8.def
File: utf8.def 2006/03/30 v1.1i UTF-8 support for inputenc
)
Overfull \hbox (210.78088pt too wide) in paragraph at lines 119--119
 []\T1/pcr/m/n/10 TT.auto.set(fun = sys.function(which = -1), assign.op = TRUE,
 p.env = parent.frame(), set.par = TRUE)[] 
 []

(C:\_RTOOLS\MIKTEX\tex\latex\base\utf8.def
File: utf8.def 2006/03/30 v1.1i UTF-8 support for inputenc
)
Overfull \hbox (2568.78088pt too wide) in paragraph at lines 148--148
 []\T1/pcr/m/n/10 TT.axis.arrows(geo, css.lab = NULL, a.l = TT.get("arrows.lims
"), a.h.s = TT.get("arrows.head.shift"), a.t.s = TT.get("arrows.text.shift"), a
.t.s2 = TT.get("arrows.text.shift2"), a.b.s = TT.get("arrows.base.shift"), text
.tol = NULL, text.sum = NULL, blr.clock = NULL, tlr.an = NULL, base.css.ps.lim 
= NULL, tri.sum.tst = FALSE, tri.pos.tst = FALSE, lwd.lab = NULL, arrows.lty = 
NULL, col.lab = NULL, font.lab = NULL, cex.lab = NULL, family.op = NULL, unit.p
s = NULL, unit.tx = NULL, lang = NULL)[] 
 []

[4] (C:\_RTOOLS\MIKTEX\tex\latex\base\utf8.def
File: utf8.def 2006/03/30 v1.1i UTF-8 support for inputenc
)
Overfull \hbox (1656.78088pt too wide) in paragraph at lines 217--217
 []\T1/pcr/m/n/10 TT.baseplot(geo = NULL, class.sys = "none", blr.clock = NULL,
 tlr.an = NULL, blr.tx = NULL, text.sum = NULL, base.css.ps.lim = NULL, tri.sum
.tst = NULL, tri.pos.tst = NULL, text.tol = NULL, unit.ps = NULL, unit.tx = NUL
L, b.lim = NULL, l.lim = NULL, main = NULL, new.mar = NULL, bg = NULL, fg = NUL
L, col = NULL, cex.main = NULL, lang = NULL)[] 
 []

[5] (C:\_RTOOLS\MIKTEX\tex\latex\base\utf8.def
File: utf8.def 2006/03/30 v1.1i UTF-8 support for inputenc
)
(C:\_RTOOLS\MIKTEX\tex\latex\base\utf8.def
File: utf8.def 2006/03/30 v1.1i UTF-8 support for inputenc
) [6]
(C:\_RTOOLS\MIKTEX\tex\latex\base\utf8.def
File: utf8.def 2006/03/30 v1.1i UTF-8 support for inputenc
)
Underfull \hbox (badness 5817) in paragraph at lines 323--323
[]\T1/ptm/m/it/10 Internal. Check the con-sis-tency be-tween 'base.ps.lim' and
 []

(C:\_RTOOLS\MIKTEX\tex\latex\base\utf8.def
File: utf8.def 2006/03/30 v1.1i UTF-8 support for inputenc
)
Underfull \hbox (badness 5817) in paragraph at lines 350--350
[]\T1/ptm/m/it/10 Internal. Check the con-sis-tency be-tween 'base.ps.lim' and
 []


Overfull \hbox (12.78088pt too wide) in paragraph at lines 359--359
 []\T1/pcr/m/n/10 TT.check.ps.lim.Xm(base.ps.lim, dat.ps.lim, ps.lim.length = c
(4, 4))[] 
 []

[7] (C:\_RTOOLS\MIKTEX\tex\latex\base\utf8.def
File: utf8.def 2006/03/30 v1.1i UTF-8 support for inputenc
)
(C:\_RTOOLS\MIKTEX\tex\latex\base\utf8.def
File: utf8.def 2006/03/30 v1.1i UTF-8 support for inputenc
) [8]
Overfull \hbox (2700.78088pt too wide) in paragraph at lines 425--425
 []\T1/pcr/m/n/10 TT.classes(geo, class.sys, tri.css.ps.lim = NULL, css.transf 
= NULL, text.transf.fun = NULL, trsf.add.opt1 = NULL, trsf.add.opt2 = NULL, tex
t.tol = NULL, text.sum = NULL, base.css.ps.lim = NULL, blr.tx = NULL, blr.clock
 = NULL, tri.sum.tst = NULL, tri.pos.tst = NULL, bg = NULL, class.lab.col = NUL
L, class.p.bg.col = NULL, class.p.bg.hue = NULL, class.line.col = NULL, class.l
ty = NULL, class.lab.show = NULL, cex.lab = NULL, font.lab = NULL, family.op = 
NULL, lwd.axis = NULL, col.axis = NULL, new.centroid = TRUE)[] 
 []

[9] (C:\_RTOOLS\MIKTEX\tex\latex\base\utf8.def
File: utf8.def 2006/03/30 v1.1i UTF-8 support for inputenc
)
(C:\_RTOOLS\MIKTEX\tex\latex\base\utf8.def
File: utf8.def 2006/03/30 v1.1i UTF-8 support for inputenc
)
(C:\_RTOOLS\MIKTEX\tex\latex\base\utf8.def
File: utf8.def 2006/03/30 v1.1i UTF-8 support for inputenc
) [10]
Overfull \hbox (2676.78088pt too wide) in paragraph at lines 556--556
 []\T1/pcr/m/n/10 TT.contour(geo, x, add = FALSE, tri.sum.tst = NULL, tri.pos.t
st = NULL, text.tol = NULL, unit.ps = NULL, unit.tx = NULL, b.lim = NULL, l.lim
 = NULL, main = NULL, new.mar = NULL, bg = NULL, fg = NULL, col = NULL, cex.mai
n = NULL, lang = NULL, nlevels = 10, levels = NA, labels = NULL, xlim = NA, yli
m = NA, zlim = NA, labcex = 1, drawlabels = TRUE, method = "flattest", axes = T
RUE, frame.plot = NA, lty = NA, lwd = NA, blr.clock = NULL, tlr.an = NULL, blr.
tx = NULL, text.sum = NULL, base.css.ps.lim = NULL, ...)[] 
 []

[11] (C:\_RTOOLS\MIKTEX\tex\latex\base\utf8.def
File: utf8.def 2006/03/30 v1.1i UTF-8 support for inputenc
)
Overfull \hbox (510.78088pt too wide) in paragraph at lines 650--650
 []\T1/pcr/m/n/10 TT.css2xy(tri.data, geo, css.names = NULL, text.tol = NULL, t
ri.sum.tst = NULL, tri.pos.tst = NULL, set.par = FALSE, text.sum = NULL, blr.cl
ock = NULL)[] 
 []

(C:\_RTOOLS\MIKTEX\tex\latex\base\utf8.def
File: utf8.def 2006/03/30 v1.1i UTF-8 support for inputenc
) [12]
Overfull \hbox (288.78088pt too wide) in paragraph at lines 695--695
 []\T1/pcr/m/n/10 TT.data.test(tri.data, css.names = NULL, text.sum = NULL, tex
t.tol = NULL, tri.sum.tst = NULL, tri.pos.tst = NULL)[] 
 []

(C:\_RTOOLS\MIKTEX\tex\latex\base\utf8.def
File: utf8.def 2006/03/30 v1.1i UTF-8 support for inputenc
)
Overfull \hbox (192.78088pt too wide) in paragraph at lines 734--734
 []\T1/pcr/m/n/10 TT.data.test.X(tri.data, text.sum = NULL, text.tol = NULL, tr
i.sum.tst = NULL, tri.pos.tst = NULL)[] 
 []

[13] (C:\_RTOOLS\MIKTEX\tex\latex\base\utf8.def
File: utf8.def 2006/03/30 v1.1i UTF-8 support for inputenc
)
(C:\_RTOOLS\MIKTEX\tex\latex\base\utf8.def
File: utf8.def 2006/03/30 v1.1i UTF-8 support for inputenc
)
(C:\_RTOOLS\MIKTEX\tex\latex\base\utf8.def
File: utf8.def 2006/03/30 v1.1i UTF-8 support for inputenc
) [14]
(C:\_RTOOLS\MIKTEX\tex\latex\base\utf8.def
File: utf8.def 2006/03/30 v1.1i UTF-8 support for inputenc
)
(C:\_RTOOLS\MIKTEX\tex\latex\base\utf8.def
File: utf8.def 2006/03/30 v1.1i UTF-8 support for inputenc
)
Overfull \hbox (738.78088pt too wide) in paragraph at lines 869--869
 []\T1/pcr/m/n/10 TT.edges(geo, text.tol = NULL, text.sum = NULL, blr.clock = N
ULL, col.axis = NULL, plot.axis = TRUE, frame.bg.col = NULL, lwd.axis = NULL, t
ri.sum.tst = NULL, tri.pos.tst = NULL, bg = NULL)[] 
 []

[15] (C:\_RTOOLS\MIKTEX\tex\latex\base\utf8.def
File: utf8.def 2006/03/30 v1.1i UTF-8 support for inputenc
)
(C:\_RTOOLS\MIKTEX\tex\latex\base\utf8.def
File: utf8.def 2006/03/30 v1.1i UTF-8 support for inputenc
) [16]
(C:\_RTOOLS\MIKTEX\tex\latex\base\utf8.def
File: utf8.def 2006/03/30 v1.1i UTF-8 support for inputenc
)
Overfull \hbox (306.78088pt too wide) in paragraph at lines 952--952
 []\T1/pcr/m/n/10 TT.geo.get(class.sys = NULL, blr.clock = NULL, tlr.an = NULL,
 blr.tx = NULL, text.sum = NULL, base.css.ps.lim = NULL)[] 
 []

(C:\_RTOOLS\MIKTEX\tex\latex\base\utf8.def
File: utf8.def 2006/03/30 v1.1i UTF-8 support for inputenc
) [17]
(C:\_RTOOLS\MIKTEX\tex\latex\base\utf8.def
File: utf8.def 2006/03/30 v1.1i UTF-8 support for inputenc
)
Overfull \hbox (78.78088pt too wide) in paragraph at lines 1010--1010
 []\T1/pcr/m/n/10 TT.get(..., par.list = "TT.par", bkp.par.list = "TT.par.bkp",
 par.env = TT.env)[] 
 []

(C:\_RTOOLS\MIKTEX\tex\latex\base\utf8.def
File: utf8.def 2006/03/30 v1.1i UTF-8 support for inputenc
)
Overfull \hbox (1206.78088pt too wide) in paragraph at lines 1039--1039
 []\T1/pcr/m/n/10 TT.grid(geo = geo, at = NULL, text.tol = NULL, text.sum = NUL
L, blr.clock = NULL, grid.col = NULL, grid.lty = NULL, lwd.axis = NULL, tri.sum
.tst = NULL, tri.pos.tst = NULL, class.p.bg.col = NULL, class.p.bg.hue = NULL, 
frame.bg.col = NULL, bg = NULL, col.axis = NULL)[] 
 []

[18] (C:\_RTOOLS\MIKTEX\tex\latex\base\utf8.def
File: utf8.def 2006/03/30 v1.1i UTF-8 support for inputenc
) [19]
(C:\_RTOOLS\MIKTEX\tex\latex\base\utf8.def
File: utf8.def 2006/03/30 v1.1i UTF-8 support for inputenc
)
Overfull \hbox (2004.78088pt too wide) in paragraph at lines 1120--1120
 []\T1/pcr/m/n/10 TT.image(geo, x, add = FALSE, tri.sum.tst = NULL, tri.pos.tst
 = NULL, text.tol = NULL, unit.ps = NULL, unit.tx = NULL, b.lim = NULL, l.lim =
 NULL, main = NULL, new.mar = NULL, bg = NULL, fg = NULL, cex.main = NULL, lang
 = NULL, xlim = NA, ylim = NA, zlim = NA, col = rev(heat.colors(12)), oldstyle 
= FALSE, blr.clock = NULL, tlr.an = NULL, blr.tx = NULL, text.sum = NULL, base.
css.ps.lim = NULL, ...)[] 
 []

[20] (C:\_RTOOLS\MIKTEX\tex\latex\base\utf8.def
File: utf8.def 2006/03/30 v1.1i UTF-8 support for inputenc
)
Overfull \hbox (1200.78088pt too wide) in paragraph at lines 1194--1194
 []\T1/pcr/m/n/10 TT.iwd(tri.data, z.name, geo, css.names = NULL, tri.pol.data 
= NULL, text.tol = NULL, text.sum = NULL, blr.clock = NULL, tri.sum.tst = NULL,
 tri.pos.tst = NULL, set.par = FALSE, n = 25, lims = c("points", "triangle")[1]
, max.dist = NULL, q.max.dist = 0.5, pow = 0.5)[] 
 []

[21] (C:\_RTOOLS\MIKTEX\tex\latex\base\utf8.def
File: utf8.def 2006/03/30 v1.1i UTF-8 support for inputenc
)
Overfull \hbox (762.78088pt too wide) in paragraph at lines 1250--1250
 []\T1/pcr/m/n/10 TT.kde2d(geo, tri.data, css.names = NULL, text.tol = NULL, te
xt.sum = NULL, blr.clock = NULL, tri.sum.tst = NULL, tri.pos.tst = NULL, set.pa
r = FALSE, n = 25, lims = c("points", "triangle")[2])[] 
 []

(C:\_RTOOLS\MIKTEX\tex\latex\base\utf8.def
File: utf8.def 2006/03/30 v1.1i UTF-8 support for inputenc
)
Overfull \hbox (1014.78088pt too wide) in paragraph at lines 1293--1293
 []\T1/pcr/m/n/10 TT.lines(geo = geo, at.1.s = TT.get("at"), at.2.s = 1 - TT.ge
t("at"), at.3.s = 0, at.1.e = TT.get("at"), at.2.e = 0, at.3.e = 1 - TT.get("at
"), text.tol = NULL, text.sum = NULL, blr.clock = NULL, tri.sum.tst = NULL, tri
.pos.tst = NULL)[] 
 []

[22] (C:\_RTOOLS\MIKTEX\tex\latex\base\utf8.def
File: utf8.def 2006/03/30 v1.1i UTF-8 support for inputenc
)
Overfull \hbox (408.78088pt too wide) in paragraph at lines 1338--1338
 []\T1/pcr/m/n/10 TT.locator(geo, css.names = NULL, text.tol = NULL, tri.sum.ts
t = NULL, tri.pos.tst = FALSE, set.par = FALSE, n = 512, type = "n", ...)[] 
 []

[23] (C:\_RTOOLS\MIKTEX\tex\latex\base\utf8.def
File: utf8.def 2006/03/30 v1.1i UTF-8 support for inputenc
)
Overfull \hbox (1086.78088pt too wide) in paragraph at lines 1380--1380
 []\T1/pcr/m/n/10 TT.mahalanobis(geo, tri.data, css.names = NULL, text.tol = NU
LL, text.sum = NULL, blr.clock = NULL, tri.sum.tst = NULL, tri.pos.tst = NULL, 
set.par = FALSE, n = 25, center = NULL, cov.mat = NULL, inverted = FALSE, ..., 
alr = FALSE, divisorvar = 2)[] 
 []

[24] (C:\_RTOOLS\MIKTEX\tex\latex\base\utf8.def
File: utf8.def 2006/03/30 v1.1i UTF-8 support for inputenc
)
Overfull \hbox (306.78088pt too wide) in paragraph at lines 1434--1434
 []\T1/pcr/m/n/10 TT.normalise.sum(tri.data, css.names = NULL, text.sum = NULL,
 text.tol = NULL, tri.pos.tst = NULL, residuals = FALSE)[] 
 []

(C:\_RTOOLS\MIKTEX\tex\latex\base\utf8.def
File: utf8.def 2006/03/30 v1.1i UTF-8 support for inputenc
)
Overfull \hbox (210.78088pt too wide) in paragraph at lines 1468--1468
 []\T1/pcr/m/n/10 TT.normalise.sum.X(tri.data, text.sum = NULL, text.tol = NULL
, tri.pos.tst = NULL, residuals = FALSE)[] 
 []

(C:\_RTOOLS\MIKTEX\tex\latex\base\utf8.def
File: utf8.def 2006/03/30 v1.1i UTF-8 support for inputenc
) [25]
(C:\_RTOOLS\MIKTEX\tex\latex\base\utf8.def
File: utf8.def 2006/03/30 v1.1i UTF-8 support for inputenc
)
(C:\_RTOOLS\MIKTEX\tex\latex\base\utf8.def
File: utf8.def 2006/03/30 v1.1i UTF-8 support for inputenc
) [26]
Overfull \hbox (6378.78088pt too wide) in paragraph at lines 1589--1589
 []\T1/pcr/m/n/10 TT.plot(geo = NULL, tri.data = NULL, add = FALSE, css.names =
 NULL, z.name = NULL, main = NULL, blr.tx = NULL, css.lab = NULL, text.sum = NU
LL, base.css.ps.lim = NULL, tri.css.ps.lim = NULL, dat.css.ps.lim = NULL, css.t
ransf = NULL, text.transf.fun = NULL, trsf.add.opt1 = NULL, trsf.add.opt2 = NUL
L, unit.ps = NULL, unit.tx = NULL, blr.clock = NULL, tlr.an = NULL, font = NULL
, font.axis = NULL, font.lab = NULL, font.main = NULL, bg = NULL, fg = NULL, co
l = NULL, col.axis = NULL, col.lab = NULL, col.main = NULL, cex = NULL, cex.axi
s = NULL, cex.lab = NULL, cex.main = NULL, lwd = NULL, lwd.axis = NULL, lwd.lab
 = NULL, family.op = NULL, frame.bg.col = NULL, at = NULL, grid.show = NULL, gr
id.col = NULL, grid.lty = NULL, class.sys = NULL, class.lab.show = NULL, class.
lab.col = NULL, class.line.col = NULL, class.p.bg.col = NULL, class.p.bg.hue = 
NULL, arrows.show = NULL, arrows.lty = NULL, points.type = NULL, pch = NULL, z.
type = NULL, z.col.hue = NULL, z.cex.range = NULL, z.pch = NULL, text.tol = NUL
L, tri.sum.tst = NULL, tri.pos.tst = NULL, b.lim = NULL, l.lim = NULL, lang = N
ULL, new.mar = NULL, new.centroid = TRUE)[] 
 []

[27]
Overfull \hbox (43.50677pt too wide) in paragraph at lines 1617--1622
\T1/ptm/m/n/10 CLAY SILT and SAND val-ues, re-spec-tively. If NULL, de-fault c(
"CLAY","SILT","SAND")
 []

[28]
Overfull \hbox (13.3272pt too wide) in paragraph at lines 1696--1702
\T1/ptm/m/n/10 == TRUE. De-fault value is text.transf.fun=TT.text.transf. See a
lso 'base.css.ps.lim',
 []

[29] [30]
Overfull \hbox (33.28769pt too wide) in paragraph at lines 1789--1804
\T1/ptm/m/n/10 "AU.TT" (Aus-tralian tex-ture tri-an-gle), "BE.TT" (Bel-gium tex
-ture tri-an-gle), "CA.EN.TT"
 []

[31]
Overfull \hbox (7.06728pt too wide) in paragraph at lines 1883--1886
[]\T1/ptm/m/n/10 Vector of 4 nu-mer-i-cals. Mar-gin sizes of the plot. De-fault
 is the same as par("mar").
 []

[32]
Underfull \vbox (badness 10000) has occurred while \output is active []

 [33]
Overfull \hbox (15.18042pt too wide) in paragraph at lines 1976--1976
 []\T1/pcr/m/n/9 TT.plot( class.sys = "USDA.TT", lang = "fl" )  #  Dutch (Belgi
an) / Flemmish[] 
 []

(C:\_RTOOLS\MIKTEX\tex\latex\base\utf8.def
File: utf8.def 2006/03/30 v1.1i UTF-8 support for inputenc
)
Overfull \hbox (2334.78088pt too wide) in paragraph at lines 1990--1990
 []\T1/pcr/m/n/10 TT.points(tri.data, geo, css.names = NULL, z.name = NULL, bas
e.css.ps.lim = NULL, dat.css.ps.lim = NULL, css.transf = NULL, text.transf.fun 
= NULL, trsf.add.opt1 = NULL, trsf.add.opt2 = NULL, text.tol = NULL, pch = NULL
, fg = NULL, col = NULL, bg = NULL, cex = NULL, lwd = NULL, points.type = NULL,
 tri.sum.tst = NULL, tri.pos.tst = NULL, z.type = NULL, z.col.hue = NULL, z.cex
.range = NULL, z.pch = NULL, text.sum = NULL, blr.clock = NULL, blr.tx = NULL)[
] 
 []

[34] (C:\_RTOOLS\MIKTEX\tex\latex\base\utf8.def
File: utf8.def 2006/03/30 v1.1i UTF-8 support for inputenc
)
Overfull \hbox (1908.78088pt too wide) in paragraph at lines 2092--2092
 []\T1/pcr/m/n/10 TT.points.in.classes(tri.data, class.sys = NULL, PiC.type = N
ULL, css.names = NULL, text.sum = NULL, base.css.ps.lim = NULL, tri.css.ps.lim 
= NULL, dat.css.ps.lim = NULL, css.transf = NULL, text.transf.fun = NULL, trsf.
add.opt1 = NULL, trsf.add.opt2 = NULL, text.tol = NULL, tri.sum.tst = NULL, tri
.pos.tst = NULL, collapse = ", ", texture2xy = FALSE, blr.tx = NULL, blr.clock 
= NULL)[] 
 []

[35]
Overfull \hbox (43.50677pt too wide) in paragraph at lines 2124--2129
\T1/ptm/m/n/10 CLAY SILT and SAND val-ues, re-spec-tively. If NULL, de-fault c(
"CLAY","SILT","SAND")
 []

[36]
Overfull \hbox (13.3272pt too wide) in paragraph at lines 2182--2188
\T1/ptm/m/n/10 == TRUE. De-fault value is text.transf.fun=TT.text.transf. See a
lso 'base.css.ps.lim',
 []

[37] [38] (C:\_RTOOLS\MIKTEX\tex\latex\base\utf8.def
File: utf8.def 2006/03/30 v1.1i UTF-8 support for inputenc
)
Overfull \hbox (16.64743pt too wide) in paragraph at lines 2300--2307
[]\T1/ptm/m/n/10 Determines the area of 1 non-intersecting poly-gon (in x-y co-
or-di-nates). Used by TT.polygon.centroids().
 []

(C:\_RTOOLS\MIKTEX\tex\latex\base\utf8.def
File: utf8.def 2006/03/30 v1.1i UTF-8 support for inputenc
) [39]
(C:\_RTOOLS\MIKTEX\tex\latex\base\utf8.def
File: utf8.def 2006/03/30 v1.1i UTF-8 support for inputenc
)
Overfull \hbox (168.78088pt too wide) in paragraph at lines 2382--2382
 []\T1/pcr/m/n/10 TT.set(..., reset = FALSE, par.list = "TT.par", bkp.par.list 
= "TT.par.bkp", par.env = TT.env)[] 
 []

[40] (C:\_RTOOLS\MIKTEX\tex\latex\base\utf8.def
File: utf8.def 2006/03/30 v1.1i UTF-8 support for inputenc
)
(C:\_RTOOLS\MIKTEX\tex\latex\base\utf8.def
File: utf8.def 2006/03/30 v1.1i UTF-8 support for inputenc
)
Overfull \hbox (216.78088pt too wide) in paragraph at lines 2436--2436
 []\T1/pcr/m/n/10 TT.switch(blr.clock = TT.get("blr.clock"), c1 = NA, c2 = NA, 
c3 = NA, c4 = NA, blr.order = c(1, 3, 2))[] 
 []

[41] (C:\_RTOOLS\MIKTEX\tex\latex\base\utf8.def
File: utf8.def 2006/03/30 v1.1i UTF-8 support for inputenc
)
Overfull \hbox (2010.78088pt too wide) in paragraph at lines 2469--2469
 []\T1/pcr/m/n/10 TT.text(tri.data, geo, labels = NULL, css.names = NULL, base.
css.ps.lim = NULL, dat.css.ps.lim = NULL, css.transf = NULL, text.transf.fun = 
NULL, trsf.add.opt1 = NULL, trsf.add.opt2 = NULL, text.tol = NULL, text.sum = N
ULL, blr.clock = NULL, fg = NULL, col = NULL, cex = NULL, font = NULL, family.o
p = NULL, adj = NULL, pos = NULL, offset = NULL, tri.sum.tst = NULL, tri.pos.ts
t = NULL, blr.tx = NULL)[] 
 []

[42] (C:\_RTOOLS\MIKTEX\tex\latex\base\utf8.def
File: utf8.def 2006/03/30 v1.1i UTF-8 support for inputenc
)
Overfull \hbox (26.23567pt too wide) in paragraph at lines 2533--2541
\T1/ptm/m/n/10 ('dat.css.ps.lim') into an-other ('base.css.ps.lim'). Only 3 par
-ti-cle size classes al-lowed. See TT.text.transf.X
 []


Overfull \hbox (852.78088pt too wide) in paragraph at lines 2545--2545
 []\T1/pcr/m/n/10 TT.text.transf(tri.data, base.css.ps.lim, dat.css.ps.lim, css
.names = NULL, blr.tx = NULL, text.sum = NULL, text.tol = NULL, tri.sum.tst = N
ULL, tri.pos.tst = NULL, trsf.add.opt1 = NULL, trsf.add.opt2 = NULL)[] 
 []

(C:\_RTOOLS\MIKTEX\tex\latex\base\utf8.def
File: utf8.def 2006/03/30 v1.1i UTF-8 support for inputenc
) [43]
Overfull \hbox (354.78088pt too wide) in paragraph at lines 2594--2594
 []\T1/pcr/m/n/10 TT.text.transf.X(tri.data, base.ps.lim, dat.ps.lim, text.sum 
= NULL, text.tol = NULL, tri.sum.tst = NULL, tri.pos.tst = NULL)[] 
 []

(C:\_RTOOLS\MIKTEX\tex\latex\base\utf8.def
File: utf8.def 2006/03/30 v1.1i UTF-8 support for inputenc
)
Overfull \hbox (696.78088pt too wide) in paragraph at lines 2647--2647
 []\T1/pcr/m/n/10 TT.text.transf.Xm(tri.data, base.ps.lim, dat.ps.lim, text.sum
 = NULL, text.tol = NULL, tri.sum.tst = NULL, tri.pos.tst = NULL, psdmodel = "A
D", omethod = "all", tri.sum.norm = FALSE)[] 
 []

[44] (C:\_RTOOLS\MIKTEX\tex\latex\base\utf8.def
File: utf8.def 2006/03/30 v1.1i UTF-8 support for inputenc
) [45]
Overfull \hbox (588.78088pt too wide) in paragraph at lines 2718--2718
 []\T1/pcr/m/n/10 TT.ticks(geo, at = NULL, text.tol = NULL, text.sum = NULL, bl
r.clock = NULL, tk.s = NULL, tri.sum.tst = NULL, tri.pos.tst = FALSE, lwd.axis 
= NULL, col.axis = NULL)[] 
 []

(C:\_RTOOLS\MIKTEX\tex\latex\base\utf8.def
File: utf8.def 2006/03/30 v1.1i UTF-8 support for inputenc
)
Overfull \hbox (924.78088pt too wide) in paragraph at lines 2759--2759
 []\T1/pcr/m/n/10 TT.ticks.lab(geo, at = NULL, text.tol = NULL, text.sum = NULL
, blr.clock = NULL, tlr.an = NULL, tk.ls = NULL, tri.sum.tst = NULL, tri.pos.ts
t = FALSE, col.axis = NULL, font.axis = NULL, cex.axis = NULL, family.op = NULL
)[] 
 []

[46] (C:\_RTOOLS\MIKTEX\tex\latex\base\utf8.def
File: utf8.def 2006/03/30 v1.1i UTF-8 support for inputenc
)
Overfull \hbox (804.78088pt too wide) in paragraph at lines 2809--2809
 []\T1/pcr/m/n/10 TT.vertices.plot(geo, class.sys = "FAO50.TT", fg = NULL, col 
= NULL, cex = NULL, font = NULL, family.op = NULL, adj = NULL, pos = NULL, offs
et = NULL, blr.tx = NULL, text.sum = NULL, blr.clock = NULL)[] 
 []

[47] (C:\_RTOOLS\MIKTEX\tex\latex\base\utf8.def
File: utf8.def 2006/03/30 v1.1i UTF-8 support for inputenc
)
(C:\_RTOOLS\MIKTEX\tex\latex\base\utf8.def
File: utf8.def 2006/03/30 v1.1i UTF-8 support for inputenc
)
(C:\_RTOOLS\MIKTEX\tex\latex\base\utf8.def
File: utf8.def 2006/03/30 v1.1i UTF-8 support for inputenc
) [48]
Overfull \hbox (504.78088pt too wide) in paragraph at lines 2912--2912
 []\T1/pcr/m/n/10 TT.xy2css(xy.data, geo, css.names = NULL, text.tol = NULL, tr
i.sum.tst = NULL, tri.pos.tst = NULL, set.par = FALSE, blr.clock = NULL, text.s
um = NULL)[] 
 []

(Rd2.ind [49]
LaTeX Font Info:    Font shape `T1/ptm/bx/n' in size <12> not available
(Font)              Font shape `T1/ptm/b/n' tried instead on input line 3.
 [50

]) (Rd2.aux) ) 
Here is how much of TeX's memory you used:
 5957 strings out of 95304
 80707 string characters out of 1183411
 139926 words of memory out of 1500000
 8539 multiletter control sequences out of 110000
 44522 words of font info for 54 fonts, out of 3000000 for 5000
 14 hyphenation exceptions out of 8191
 45i,6n,34p,1199b,555s stack positions out of 5000i,500n,10000p,200000b,50000s
{C:/_RTOOLS/MIKTEX/fonts/enc/dvips/fontname/8r.enc}<C:/_RTOOLS/MI
KTEX/fonts/type1/bluesky/cm/cmsy10.pfb><C:/_RTOOLS/MIKTEX/fonts/type1/urw/couri
er/ucrr8a.pfb><C:/_RTOOLS/MIKTEX/fonts/type1/urw/helvetic/uhvr8a.pfb><C:/_RTOOL
S/MIKTEX/fonts/type1/urw/times/utmb8a.pfb><C:/_RTOOLS/MIKTEX/fonts/type1/urw/ti
mes/utmr8a.pfb><C:/_RTOOLS/MIKTEX/fonts/type1/urw/times/utmr8a.pfb><C:/_RTOOLS/
MIKTEX/fonts/type1/urw/times/utmri8a.pfb>
Output written on Rd2.pdf (50 pages, 254803 bytes).
PDF statistics:
 971 PDF objects out of 1000 (max. 8388607)
 399 named destinations out of 1000 (max. 131072)
 477 words of extra memory for PDF output out of 10000 (max. 10000000)

